2020-06-11 13:05:57.2105 INFO Запуск программы
2020-06-11 13:05:59.1953 INFO данные успешно получены с сервера
2020-06-11 13:05:59.9661 INFO данные успешно получены с сервера
2020-06-11 13:06:00.7725 INFO данные успешно получены с сервера
2020-06-11 13:06:01.5142 INFO данные успешно получены с сервера
2020-06-11 13:06:02.2752 INFO данные успешно получены с сервера
2020-06-11 13:06:03.0238 INFO данные успешно получены с сервера
2020-06-11 13:06:08.4116 INFO данные успешно получены с сервера
2020-06-11 13:06:09.1912 INFO данные успешно получены с сервера
2020-06-11 13:06:09.9619 INFO данные успешно получены с сервера
2020-06-11 13:06:10.7449 INFO данные успешно получены с сервера
2020-06-11 13:06:11.4984 INFO данные успешно получены с сервера
2020-06-11 13:06:12.2467 INFO данные успешно получены с сервера
2020-06-11 13:06:32.5847 INFO данные сохранены в базе
2020-06-11 13:06:36.8721 ERROR Не удалось получить фабрику класса COM для компонента с CLSID "файл excel открылся не корректно" из-за следующей ошибки: 80040154 Класс не зарегистрирован (Исключение из HRESULT: 0x80040154 (REGDB_E_CLASSNOTREG)).
2020-06-11 13:06:43.7167 INFO данные успешно получены с сервера
2020-06-11 13:06:44.4918 INFO данные успешно получены с сервера
2020-06-11 13:06:45.2798 INFO данные успешно получены с сервера
2020-06-11 13:06:46.0444 INFO данные успешно получены с сервера
2020-06-11 13:06:46.8237 INFO данные успешно получены с сервера
2020-06-11 13:06:47.6069 INFO данные успешно получены с сервера
2020-06-11 13:06:47.6380 INFO данные сохранены в базе
2020-06-11 13:07:11.2447 INFO Запуск программы
2020-06-11 13:07:12.5461 INFO данные успешно получены с сервера
2020-06-11 13:07:13.3250 INFO данные успешно получены с сервера
2020-06-11 13:07:14.0741 INFO данные успешно получены с сервера
2020-06-11 13:07:14.8986 INFO данные успешно получены с сервера
2020-06-11 13:07:15.7154 INFO данные успешно получены с сервера
2020-06-11 13:07:16.5062 INFO данные успешно получены с сервера
2020-06-11 13:07:22.3322 INFO данные успешно получены с сервера
2020-06-11 13:07:23.6241 INFO данные успешно получены с сервера
2020-06-11 13:07:24.9099 INFO данные успешно получены с сервера
2020-06-11 13:07:26.1942 INFO данные успешно получены с сервера
2020-06-11 13:07:26.9645 INFO данные успешно получены с сервера
2020-06-11 13:07:27.7581 INFO данные успешно получены с сервера
2020-06-11 13:07:30.7466 INFO данные сохранены в базе
2020-06-11 13:07:41.5857 INFO данные успешно получены с сервера
2020-06-11 13:07:42.3388 INFO данные успешно получены с сервера
2020-06-11 13:07:43.1221 INFO данные успешно получены с сервера
2020-06-11 13:07:43.9221 INFO данные успешно получены с сервера
2020-06-11 13:07:44.7489 INFO данные успешно получены с сервера
2020-06-11 13:07:45.5374 INFO данные успешно получены с сервера
2020-06-11 13:07:45.5605 INFO данные сохранены в базе
2020-06-11 13:07:45.6195 INFO удалены данные под номером(id): 4
2020-06-11 14:36:55.1726 INFO Запуск программы
2020-06-11 14:36:58.1665 INFO данные успешно получены с сервера
2020-06-11 14:36:59.0883 INFO данные успешно получены с сервера
2020-06-11 14:37:00.7040 INFO данные успешно получены с сервера
2020-06-11 14:37:01.6492 INFO данные успешно получены с сервера
2020-06-11 14:37:03.1609 INFO данные успешно получены с сервера
2020-06-11 14:37:04.0560 INFO данные успешно получены с сервера
2020-06-11 14:37:06.3476 INFO данные успешно получены с сервера
2020-06-11 14:37:07.4737 INFO данные успешно получены с сервера
2020-06-11 14:37:08.2975 INFO данные успешно получены с сервера
2020-06-11 14:37:09.6938 INFO данные успешно получены с сервера
2020-06-11 14:37:10.6349 INFO данные успешно получены с сервера
2020-06-11 14:37:11.7170 INFO данные успешно получены с сервера
2020-06-11 14:37:16.0844 INFO данные сохранены в базе
2020-06-11 14:45:22.3425 INFO Запуск программы
2020-06-11 14:45:28.3124 INFO данные успешно получены с сервера
2020-06-11 14:45:30.8538 INFO данные успешно получены с сервера
2020-06-11 14:45:52.8795 INFO Запуск программы
2020-06-11 14:46:03.5330 INFO данные успешно получены с сервера
2020-06-11 16:37:18.3851 INFO Запуск программы
2020-06-11 16:37:25.6912 INFO {"symbol":"BNBUSDT","priceChange":"0.04030000","priceChangePercent":"0.233","weightedAvgPrice":"17.38214412","prevClosePrice":"17.30700000","lastPrice":"17.34460000","lastQty":"73.49000000","bidPrice":"17.34350000","bidQty":"57.65000000","askPrice":"17.34950000","askQty":"3.21000000","openPrice":"17.30430000","highPrice":"17.58330000","lowPrice":"17.13000000","volume":"1860826.60000000","quoteVolume":"32345156.14371500","openTime":1591785439281,"closeTime":1591871839281,"firstId":61958550,"lastId":62029520,"count":70971}
2020-06-11 16:37:28.2938 INFO {"symbol":"BTCUSDT","priceChange":"49.09000000","priceChangePercent":"0.504","weightedAvgPrice":"9843.15728892","prevClosePrice":"9732.74000000","lastPrice":"9782.10000000","lastQty":"0.01646300","bidPrice":"9782.10000000","bidQty":"0.10223400","askPrice":"9782.11000000","askQty":"1.97348500","openPrice":"9733.01000000","highPrice":"9992.72000000","lowPrice":"9704.18000000","volume":"56305.81752000","quoteVolume":"554227018.13053870","openTime":1591785445231,"closeTime":1591871845231,"firstId":338222046,"lastId":338841508,"count":619463}
2020-06-11 16:42:55.9347 INFO Запуск программы
2020-06-11 16:43:00.2918 INFO данные успешно получены с сервера
2020-06-11 16:43:00.3199 INFO System.Collections.Generic.List`1[System.String]
2020-06-11 16:43:02.5436 INFO данные успешно получены с сервера
2020-06-11 16:43:02.5616 INFO System.Collections.Generic.List`1[System.String]
2020-06-11 16:43:04.8822 INFO данные успешно получены с сервера
2020-06-11 16:43:04.9045 INFO System.Collections.Generic.List`1[System.String]
2020-06-11 16:43:07.8394 INFO данные успешно получены с сервера
2020-06-11 16:43:07.8694 INFO System.Collections.Generic.List`1[System.String]
2020-06-11 16:43:08.6085 INFO данные успешно получены с сервера
2020-06-11 16:43:08.6354 INFO System.Collections.Generic.List`1[System.String]
2020-06-11 16:47:52.0981 INFO Запуск программы
2020-06-11 16:47:55.9149 INFO данные успешно получены с сервера
