2020-03-17 15:52:00.0785 TRACE trace message
2020-03-17 15:52:00.4668 DEBUG debug message
2020-03-17 15:52:00.4668 INFO info message
2020-03-17 15:52:00.4668 WARN warn message
2020-03-17 15:52:00.4668 ERROR error message
2020-03-17 15:52:00.4668 FATAL fatal message
2020-03-17 15:54:07.5313 TRACE trace message
2020-03-17 15:54:07.5512 DEBUG debug message
2020-03-17 15:54:07.5512 INFO info message
2020-03-17 15:54:07.5512 WARN warn message
2020-03-17 15:54:07.5512 ERROR error message
2020-03-17 15:54:07.5512 FATAL fatal message
2020-03-17 16:07:39.6510 TRACE trace message
2020-03-17 16:07:39.6919 DEBUG debug message
2020-03-17 16:07:39.6919 INFO info message
2020-03-17 16:07:39.6919 WARN warn message
2020-03-17 16:07:39.6962 ERROR error message
2020-03-17 16:07:39.6962 FATAL fatal message
2020-03-17 16:18:02.8125 TRACE trace message
2020-03-17 16:18:02.8667 DEBUG debug message
2020-03-17 16:18:02.8687 INFO info message
2020-03-17 16:18:02.8687 WARN warn message
2020-03-17 16:18:02.8687 ERROR error message
2020-03-17 16:18:02.8687 FATAL fatal message
2020-03-17 16:54:20.7745 TRACE trace message
2020-03-17 16:54:20.8132 DEBUG debug message
2020-03-17 16:54:20.8132 INFO info message
2020-03-17 16:54:20.8132 WARN warn message
2020-03-17 16:54:20.8132 ERROR error message
2020-03-17 16:54:20.8132 FATAL fatal message
2020-03-17 17:18:48.9410 INFO Запуск программы
2020-03-17 17:21:55.1420 INFO Запуск программы
2020-03-17 17:23:27.9979 INFO Запуск программы
2020-03-17 17:25:50.2173 INFO Запуск программы
2020-03-17 17:27:14.5639 INFO открыт excel файл
2020-03-17 17:35:33.9724 INFO Запуск программы
2020-03-17 17:36:23.6406 INFO удалены данные под номером(id): 0
2020-03-17 17:36:51.2863 ERROR Невозможно получить доступ к 'Debug'.  Документ может быть предназначен только для чтения или быть зашифрован.
2020-03-17 17:40:37.6779 INFO Запуск программы
2020-03-17 17:41:06.7200 INFO удалены данные под номером(id): 1783
2020-03-17 19:21:08.0262 INFO Запуск программы
2020-03-17 19:21:33.0256 INFO удалены данные под номером(id): 1800
2020-03-17 19:21:45.7324 ERROR Невозможно получить доступ к 'Debug'.  Документ может быть предназначен только для чтения или быть зашифрован.
2020-03-17 20:46:05.0452 INFO Запуск программы
2020-03-17 20:46:07.3643 INFO данные успешно получены с сервера
2020-03-17 20:46:08.2415 INFO данные успешно получены с сервера
2020-03-17 20:46:09.2058 INFO данные успешно получены с сервера
2020-03-17 20:46:10.1352 INFO данные успешно получены с сервера
2020-03-17 20:46:11.0689 INFO данные успешно получены с сервера
2020-03-17 20:46:12.9117 INFO данные успешно получены с сервера
2020-03-17 20:46:16.6251 INFO данные успешно получены с сервера
2020-03-17 20:46:17.5066 INFO данные успешно получены с сервера
2020-03-17 20:46:18.4588 INFO данные успешно получены с сервера
2020-03-17 20:46:19.2906 INFO данные успешно получены с сервера
2020-03-17 20:46:20.1373 INFO данные успешно получены с сервера
2020-03-17 20:46:21.5351 INFO данные успешно получены с сервера
2020-03-17 20:46:29.0015 INFO данные сохранены в базе
2020-03-17 20:46:40.4438 INFO данные успешно получены с сервера
2020-03-17 20:46:41.4670 INFO данные успешно получены с сервера
2020-03-17 20:46:42.3922 INFO данные успешно получены с сервера
2020-03-17 20:46:44.6401 INFO данные успешно получены с сервера
2020-03-17 20:46:45.5665 INFO данные успешно получены с сервера
2020-03-17 20:46:46.5251 INFO данные успешно получены с сервера
2020-03-17 20:46:46.5788 INFO данные сохранены в базе
2020-03-17 20:46:50.4361 INFO удалены данные под номером(id): 1907
2020-03-17 20:46:57.5297 ERROR Невозможно получить доступ к 'Debug'.  Документ может быть предназначен только для чтения или быть зашифрован.
2020-03-17 20:46:58.4673 INFO данные успешно получены с сервера
2020-03-17 20:46:59.2974 INFO данные успешно получены с сервера
2020-03-17 20:47:00.1331 INFO данные успешно получены с сервера
2020-03-17 20:47:01.5012 INFO данные успешно получены с сервера
2020-03-17 20:47:02.3379 INFO данные успешно получены с сервера
2020-03-17 20:47:03.2765 INFO данные успешно получены с сервера
2020-03-17 20:47:03.2936 INFO данные сохранены в базе
2020-03-17 20:47:14.5404 INFO данные успешно получены с сервера
2020-03-17 20:47:15.4588 INFO данные успешно получены с сервера
2020-03-17 20:47:17.2465 INFO данные успешно получены с сервера
2020-03-17 20:47:18.8436 INFO данные успешно получены с сервера
2020-03-17 20:47:19.8627 INFO данные успешно получены с сервера
2020-03-17 20:47:20.8303 INFO данные успешно получены с сервера
2020-03-17 20:47:20.8524 INFO данные сохранены в базе
2020-03-17 20:48:40.9829 INFO Запуск программы
2020-03-17 20:48:42.1421 INFO Невозможно разрешить удаленное имя: 'api.binance.com'
2020-03-17 21:39:29.4709 INFO Запуск программы
2020-03-17 21:39:30.3133 INFO Невозможно разрешить удаленное имя: 'api.binance.com'
2020-03-17 21:39:32.3962 INFO Ссылка на объект не указывает на экземпляр объекта.
2020-03-17 21:39:32.4435 INFO Ссылка на объект не указывает на экземпляр объекта.
2020-03-17 21:39:32.5771 INFO Невозможно разрешить удаленное имя: 'api.binance.com'
2020-03-17 21:39:33.8796 INFO Ссылка на объект не указывает на экземпляр объекта.
2020-03-17 21:39:33.9033 INFO Ссылка на объект не указывает на экземпляр объекта.
2020-03-17 21:39:33.9821 INFO Невозможно разрешить удаленное имя: 'api.binance.com'
2020-03-17 21:39:34.7283 INFO Ссылка на объект не указывает на экземпляр объекта.
2020-03-17 21:39:34.7473 INFO Ссылка на объект не указывает на экземпляр объекта.
2020-03-17 21:39:34.7971 INFO Невозможно разрешить удаленное имя: 'api.binance.com'
2020-03-17 21:39:35.6448 INFO Ссылка на объект не указывает на экземпляр объекта.
2020-03-17 21:39:35.6607 INFO Ссылка на объект не указывает на экземпляр объекта.
2020-03-17 21:39:35.8485 INFO Невозможно разрешить удаленное имя: 'api.binance.com'
2020-03-17 21:39:37.1871 INFO Ссылка на объект не указывает на экземпляр объекта.
2020-03-17 21:39:37.2077 INFO Ссылка на объект не указывает на экземпляр объекта.
2020-03-17 21:39:37.3279 INFO Невозможно разрешить удаленное имя: 'api.binance.com'
2020-03-17 21:39:40.0238 INFO Невозможно разрешить удаленное имя: 'api.binance.com'
2020-03-17 21:47:03.8821 INFO Запуск программы
2020-03-17 21:47:04.6427 INFO Невозможно разрешить удаленное имя: 'api.binance.com'
2020-03-17 21:47:38.6979 INFO Запуск программы
2020-03-17 21:47:39.4166 INFO Невозможно разрешить удаленное имя: 'api.binance.com'
2020-03-17 21:49:16.6814 INFO Запуск программы
2020-03-17 21:49:17.2684 INFO Невозможно разрешить удаленное имя: 'api.binance.com'
2020-03-17 22:07:53.2196 INFO Запуск программы
2020-03-17 22:07:55.2228 INFO данные успешно получены с сервера
2020-03-17 22:07:56.1650 INFO данные успешно получены с сервера
2020-03-17 22:07:57.3743 INFO данные успешно получены с сервера
2020-03-17 22:07:58.3911 INFO данные успешно получены с сервера
2020-03-17 22:07:59.4178 INFO данные успешно получены с сервера
2020-03-17 22:07:59.9857 ERROR Невозможно получить доступ к 'Debug'.  Документ может быть предназначен только для чтения или быть зашифрован.
2020-03-17 22:08:00.3515 INFO данные успешно получены с сервера
2020-03-17 22:08:05.1641 INFO данные успешно получены с сервера
2020-03-17 22:08:06.0338 INFO данные успешно получены с сервера
2020-03-17 22:08:07.7092 INFO данные успешно получены с сервера
2020-03-17 22:08:09.0940 INFO данные успешно получены с сервера
2020-03-17 22:08:10.5168 INFO данные успешно получены с сервера
2020-03-17 22:08:11.4217 INFO данные успешно получены с сервера
2020-03-17 22:08:16.9638 INFO данные сохранены в базе
2020-03-17 22:08:28.0915 INFO данные успешно получены с сервера
2020-03-17 22:08:29.0597 INFO данные успешно получены с сервера
2020-03-17 22:08:29.9526 INFO данные успешно получены с сервера
2020-03-17 22:08:30.9533 INFO данные успешно получены с сервера
2020-03-17 22:08:32.4056 INFO данные успешно получены с сервера
2020-03-17 22:08:33.3295 INFO данные успешно получены с сервера
2020-03-17 22:08:33.3574 INFO данные сохранены в базе
