2020-03-21 18:15:21.8493 INFO Запуск программы
2020-03-21 18:15:24.9031 INFO данные успешно получены с сервера
2020-03-21 18:15:25.8634 INFO данные успешно получены с сервера
2020-03-21 18:15:26.8654 INFO данные успешно получены с сервера
2020-03-21 18:15:27.6791 INFO данные успешно получены с сервера
2020-03-21 18:15:28.5229 INFO данные успешно получены с сервера
2020-03-21 18:15:29.6058 INFO данные успешно получены с сервера
2020-03-21 18:15:33.6433 INFO данные успешно получены с сервера
2020-03-21 18:15:34.4365 INFO данные успешно получены с сервера
2020-03-21 18:15:35.2274 INFO данные успешно получены с сервера
2020-03-21 18:15:36.0199 INFO данные успешно получены с сервера
2020-03-21 18:15:36.8108 INFO данные успешно получены с сервера
2020-03-21 18:15:37.6056 INFO данные успешно получены с сервера
2020-03-21 18:15:51.8149 INFO данные сохранены в базе
2020-03-21 18:16:03.3224 ERROR Невозможно получить доступ к 'Debug'.  Документ может быть предназначен только для чтения или быть зашифрован.
2020-03-21 18:16:04.5065 INFO данные успешно получены с сервера
2020-03-21 18:16:05.3052 INFO данные успешно получены с сервера
2020-03-21 18:16:06.0991 INFO данные успешно получены с сервера
2020-03-21 18:16:06.8907 INFO данные успешно получены с сервера
2020-03-21 18:16:07.6872 INFO данные успешно получены с сервера
2020-03-21 18:16:08.5220 INFO данные успешно получены с сервера
2020-03-21 18:16:08.5677 INFO данные сохранены в базе
2020-03-21 18:16:19.5806 INFO данные успешно получены с сервера
2020-03-21 18:16:20.5435 INFO данные успешно получены с сервера
2020-03-21 18:16:21.4267 INFO данные успешно получены с сервера
2020-03-21 18:16:22.3690 INFO данные успешно получены с сервера
2020-03-21 18:16:23.2758 INFO данные успешно получены с сервера
2020-03-21 18:16:24.7418 INFO данные успешно получены с сервера
2020-03-21 18:16:24.7602 INFO данные сохранены в базе
2020-03-21 18:16:26.0599 INFO удалены данные под номером(id): 12
