2020-06-12 12:48:11.0592 INFO Запуск программы
2020-06-12 12:48:29.8479 INFO данные успешно получены с сервера
2020-06-12 12:48:30.9389 INFO данные успешно получены с сервера
2020-06-12 12:48:34.9220 INFO данные успешно получены с сервера
2020-06-12 12:48:36.5601 INFO данные успешно получены с сервера
2020-06-12 12:48:37.1677 INFO данные успешно получены с сервера
2020-06-12 12:49:28.1575 INFO Запуск программы
2020-06-12 12:49:29.9722 INFO данные успешно получены с сервера
2020-06-12 12:49:31.0814 INFO данные успешно получены с сервера
2020-06-12 12:49:32.1993 INFO данные успешно получены с сервера
2020-06-12 12:49:33.0752 INFO данные успешно получены с сервера
2020-06-12 12:49:33.8853 INFO данные успешно получены с сервера
2020-06-12 12:49:34.6946 INFO данные успешно получены с сервера
2020-06-12 12:49:39.5157 INFO данные успешно получены с сервера
2020-06-12 12:49:40.3702 INFO данные успешно получены с сервера
2020-06-12 12:49:41.4611 INFO данные успешно получены с сервера
2020-06-12 12:49:43.0350 INFO данные успешно получены с сервера
2020-06-12 12:49:44.5125 INFO данные успешно получены с сервера
2020-06-12 12:49:45.3620 INFO данные успешно получены с сервера
2020-06-12 12:49:54.1173 INFO данные сохранены в базе
2020-06-12 12:50:05.2187 INFO данные успешно получены с сервера
2020-06-12 12:50:06.3419 INFO данные успешно получены с сервера
2020-06-12 12:50:07.2635 INFO данные успешно получены с сервера
2020-06-12 12:50:08.1804 INFO данные успешно получены с сервера
2020-06-12 12:50:09.1076 INFO данные успешно получены с сервера
2020-06-12 12:50:10.2334 INFO данные успешно получены с сервера
2020-06-12 12:50:10.2781 INFO данные сохранены в базе
2020-06-12 12:50:21.2211 INFO данные успешно получены с сервера
2020-06-12 12:50:22.5110 INFO данные успешно получены с сервера
2020-06-12 12:50:24.0971 INFO данные успешно получены с сервера
2020-06-12 12:50:25.0722 INFO данные успешно получены с сервера
2020-06-12 12:50:25.9101 INFO данные успешно получены с сервера
2020-06-12 12:50:27.2251 INFO данные успешно получены с сервера
2020-06-12 12:50:27.3172 INFO данные сохранены в базе
2020-06-12 13:14:16.5364 INFO Запуск программы
2020-06-12 13:14:18.2956 INFO данные успешно получены с сервера
2020-06-12 13:14:19.1914 INFO данные успешно получены с сервера
2020-06-12 13:14:19.9598 INFO данные успешно получены с сервера
2020-06-12 13:14:20.7203 INFO данные успешно получены с сервера
2020-06-12 13:14:21.4866 INFO данные успешно получены с сервера
2020-06-12 13:14:22.2519 INFO данные успешно получены с сервера
2020-06-12 13:14:27.5022 INFO данные успешно получены с сервера
2020-06-12 13:14:28.2953 INFO данные успешно получены с сервера
2020-06-12 13:14:29.0500 INFO данные успешно получены с сервера
2020-06-12 13:14:29.8161 INFO данные успешно получены с сервера
2020-06-12 13:14:30.5865 INFO данные успешно получены с сервера
2020-06-12 13:14:31.3523 INFO данные успешно получены с сервера
2020-06-12 13:14:31.5270 INFO Входная строка имела неверный формат.
2020-06-12 13:14:44.6506 INFO данные успешно получены с сервера
2020-06-12 13:14:45.4163 INFO данные успешно получены с сервера
2020-06-12 13:14:46.1753 INFO данные успешно получены с сервера
2020-06-12 13:14:46.9284 INFO данные успешно получены с сервера
2020-06-12 13:14:47.6911 INFO данные успешно получены с сервера
2020-06-12 13:14:48.4772 INFO данные успешно получены с сервера
2020-06-12 13:14:48.5216 INFO Входная строка имела неверный формат.
2020-06-12 13:17:44.6121 INFO Запуск программы
2020-06-12 13:17:45.9316 INFO данные успешно получены с сервера
2020-06-12 13:17:46.8552 INFO данные успешно получены с сервера
2020-06-12 13:17:47.6244 INFO данные успешно получены с сервера
2020-06-12 13:17:48.8766 INFO данные успешно получены с сервера
2020-06-12 13:17:49.6305 INFO данные успешно получены с сервера
2020-06-12 13:17:50.3725 INFO данные успешно получены с сервера
2020-06-12 13:17:55.6608 INFO данные успешно получены с сервера
2020-06-12 13:17:56.3939 INFO данные успешно получены с сервера
2020-06-12 13:17:57.1385 INFO данные успешно получены с сервера
2020-06-12 13:17:57.8706 INFO данные успешно получены с сервера
2020-06-12 13:17:58.6403 INFO данные успешно получены с сервера
2020-06-12 13:17:59.3896 INFO данные успешно получены с сервера
2020-06-12 13:17:59.4328 INFO Входная строка имела неверный формат.
2020-06-12 13:21:01.9203 INFO Запуск программы
2020-06-12 13:21:03.6698 INFO данные успешно получены с сервера
2020-06-12 13:21:04.5578 INFO данные успешно получены с сервера
2020-06-12 13:21:51.9359 INFO Запуск программы
2020-06-12 13:21:53.1084 INFO данные успешно получены с сервера
2020-06-12 13:21:54.0539 INFO данные успешно получены с сервера
2020-06-12 13:21:54.8253 INFO данные успешно получены с сервера
2020-06-12 13:21:55.5631 INFO данные успешно получены с сервера
2020-06-12 13:21:56.3135 INFO данные успешно получены с сервера
2020-06-12 13:21:57.0632 INFO данные успешно получены с сервера
2020-06-12 13:22:02.8874 INFO данные успешно получены с сервера
2020-06-12 13:22:04.1835 INFO данные успешно получены с сервера
2020-06-12 13:22:04.9352 INFO данные успешно получены с сервера
2020-06-12 13:22:06.1772 INFO данные успешно получены с сервера
2020-06-12 13:22:06.9254 INFO данные успешно получены с сервера
2020-06-12 13:22:07.6646 INFO данные успешно получены с сервера
2020-06-12 13:22:07.6994 INFO Входная строка имела неверный формат.
2020-06-12 13:23:01.4137 INFO Запуск программы
2020-06-12 13:23:02.7860 INFO данные успешно получены с сервера
2020-06-12 13:23:03.7392 INFO данные успешно получены с сервера
2020-06-12 13:23:05.0311 INFO данные успешно получены с сервера
2020-06-12 13:23:06.3157 INFO данные успешно получены с сервера
2020-06-12 13:23:07.1341 INFO данные успешно получены с сервера
2020-06-12 13:23:07.8729 INFO данные успешно получены с сервера
2020-06-12 13:32:01.0351 INFO Запуск программы
2020-06-12 13:32:02.5379 INFO данные успешно получены с сервера
2020-06-12 13:32:31.0440 INFO Запуск программы
2020-06-12 13:32:32.3642 INFO данные успешно получены с сервера
2020-06-12 13:32:33.2819 INFO данные успешно получены с сервера
2020-06-12 13:32:34.0653 INFO данные успешно получены с сервера
2020-06-12 13:32:34.8455 INFO данные успешно получены с сервера
2020-06-12 13:32:35.6093 INFO данные успешно получены с сервера
2020-06-12 13:32:36.3776 INFO данные успешно получены с сервера
2020-06-12 13:32:42.0226 INFO данные успешно получены с сервера
2020-06-12 13:32:42.7822 INFO данные успешно получены с сервера
2020-06-12 13:32:43.5366 INFO данные успешно получены с сервера
2020-06-12 13:32:44.3331 INFO данные успешно получены с сервера
2020-06-12 13:32:45.1283 INFO данные успешно получены с сервера
2020-06-12 13:32:45.9325 INFO данные успешно получены с сервера
2020-06-12 13:32:45.9802 INFO Входная строка имела неверный формат.
2020-06-12 13:45:44.5169 INFO Запуск программы
2020-06-12 13:45:45.8761 INFO данные успешно получены с сервера
2020-06-12 13:45:46.7590 INFO данные успешно получены с сервера
2020-06-12 13:45:48.0146 INFO данные успешно получены с сервера
2020-06-12 13:45:48.7798 INFO данные успешно получены с сервера
2020-06-12 13:45:49.6483 INFO данные успешно получены с сервера
2020-06-12 13:45:51.1222 INFO данные успешно получены с сервера
2020-06-12 13:45:55.4442 INFO данные успешно получены с сервера
2020-06-12 13:45:56.2700 INFO данные успешно получены с сервера
2020-06-12 13:45:57.0974 INFO данные успешно получены с сервера
2020-06-12 13:45:57.8821 INFO данные успешно получены с сервера
2020-06-12 13:45:58.6398 INFO данные успешно получены с сервера
2020-06-12 13:45:59.9125 INFO данные успешно получены с сервера
2020-06-12 13:45:59.9375 INFO Входная строка имела неверный формат.
2020-06-12 13:48:16.4468 INFO Запуск программы
2020-06-12 13:48:17.8802 INFO данные успешно получены с сервера
2020-06-12 13:48:19.5288 INFO данные успешно получены с сервера
2020-06-12 13:48:20.3522 INFO данные успешно получены с сервера
2020-06-12 13:48:21.1863 INFO данные успешно получены с сервера
2020-06-12 13:48:22.0089 INFO данные успешно получены с сервера
2020-06-12 13:48:22.7723 INFO данные успешно получены с сервера
2020-06-12 13:48:27.4560 INFO данные успешно получены с сервера
2020-06-12 13:48:28.2907 INFO данные успешно получены с сервера
2020-06-12 13:48:29.1391 INFO данные успешно получены с сервера
2020-06-12 13:48:29.9678 INFO данные успешно получены с сервера
2020-06-12 13:48:30.7379 INFO данные успешно получены с сервера
2020-06-12 13:48:31.5129 INFO данные успешно получены с сервера
2020-06-12 13:49:24.6391 INFO Запуск программы
2020-06-12 13:49:26.0543 INFO данные успешно получены с сервера
2020-06-12 13:49:26.9889 INFO данные успешно получены с сервера
2020-06-12 13:49:27.7414 INFO данные успешно получены с сервера
2020-06-12 13:49:28.5367 INFO данные успешно получены с сервера
2020-06-12 13:49:29.8712 INFO данные успешно получены с сервера
2020-06-12 13:49:31.1845 INFO данные успешно получены с сервера
2020-06-12 13:49:36.1687 INFO данные успешно получены с сервера
2020-06-12 13:49:37.4781 INFO данные успешно получены с сервера
2020-06-12 13:49:38.2602 INFO данные успешно получены с сервера
2020-06-12 13:49:39.0452 INFO данные успешно получены с сервера
2020-06-12 13:49:39.7953 INFO данные успешно получены с сервера
2020-06-12 13:49:41.1257 INFO данные успешно получены с сервера
2020-06-12 13:49:41.1600 INFO Входная строка имела неверный формат.
2020-06-12 13:51:07.2815 INFO Запуск программы
2020-06-12 13:51:08.6479 INFO данные успешно получены с сервера
2020-06-12 13:51:09.5361 INFO данные успешно получены с сервера
2020-06-12 13:51:10.2996 INFO данные успешно получены с сервера
2020-06-12 13:51:11.0581 INFO данные успешно получены с сервера
2020-06-12 13:51:11.8921 INFO данные успешно получены с сервера
2020-06-12 13:51:13.3451 INFO данные успешно получены с сервера
2020-06-12 13:51:18.1816 INFO данные успешно получены с сервера
2020-06-12 13:51:18.9282 INFO данные успешно получены с сервера
2020-06-12 13:51:20.5839 INFO данные успешно получены с сервера
2020-06-12 13:51:21.8940 INFO данные успешно получены с сервера
2020-06-12 13:51:22.6501 INFO данные успешно получены с сервера
2020-06-12 13:51:23.4158 INFO данные успешно получены с сервера
2020-06-12 13:51:25.2308 INFO The model backing the 'CourseContext' context has changed since the database was created. Consider using Code First Migrations to update the database (http://go.microsoft.com/fwlink/?LinkId=238269).
2020-06-12 13:52:08.0401 INFO Запуск программы
2020-06-12 13:52:09.3780 INFO данные успешно получены с сервера
2020-06-12 13:52:10.2809 INFO данные успешно получены с сервера
2020-06-12 13:52:11.0431 INFO данные успешно получены с сервера
2020-06-12 13:52:11.7938 INFO данные успешно получены с сервера
2020-06-12 13:52:12.5549 INFO данные успешно получены с сервера
2020-06-12 13:52:13.3079 INFO данные успешно получены с сервера
2020-06-12 13:52:18.9144 INFO данные успешно получены с сервера
2020-06-12 13:52:19.6946 INFO данные успешно получены с сервера
2020-06-12 13:52:20.4615 INFO данные успешно получены с сервера
2020-06-12 13:52:21.2285 INFO данные успешно получены с сервера
2020-06-12 13:52:21.9946 INFO данные успешно получены с сервера
2020-06-12 13:52:22.7631 INFO данные успешно получены с сервера
2020-06-12 13:52:37.9061 INFO данные сохранены в базе
2020-06-12 13:57:14.7253 INFO Запуск программы
2020-06-12 13:57:16.1279 INFO данные успешно получены с сервера
2020-06-12 13:57:17.0188 INFO данные успешно получены с сервера
2020-06-12 13:57:17.7674 INFO данные успешно получены с сервера
2020-06-12 13:57:18.5339 INFO данные успешно получены с сервера
2020-06-12 13:57:19.8433 INFO данные успешно получены с сервера
2020-06-12 13:57:20.6105 INFO данные успешно получены с сервера
2020-06-12 13:57:25.6255 INFO данные успешно получены с сервера
2020-06-12 13:57:26.9266 INFO данные успешно получены с сервера
2020-06-12 13:57:27.7007 INFO данные успешно получены с сервера
2020-06-12 13:57:28.5016 INFO данные успешно получены с сервера
2020-06-12 13:57:29.2612 INFO данные успешно получены с сервера
2020-06-12 13:57:30.1519 INFO данные успешно получены с сервера
2020-06-12 13:57:32.3496 INFO The model backing the 'CourseContext' context has changed since the database was created. Consider using Code First Migrations to update the database (http://go.microsoft.com/fwlink/?LinkId=238269).
2020-06-12 13:58:38.3779 INFO Запуск программы
2020-06-12 13:58:40.7218 INFO данные успешно получены с сервера
2020-06-12 13:58:41.6057 INFO данные успешно получены с сервера
2020-06-12 13:58:42.3991 INFO данные успешно получены с сервера
2020-06-12 13:58:43.1725 INFO данные успешно получены с сервера
2020-06-12 13:58:43.9690 INFO данные успешно получены с сервера
2020-06-12 13:58:44.7438 INFO данные успешно получены с сервера
2020-06-12 13:58:49.8383 INFO данные успешно получены с сервера
2020-06-12 13:58:51.1344 INFO данные успешно получены с сервера
2020-06-12 13:58:51.9152 INFO данные успешно получены с сервера
2020-06-12 13:58:53.2231 INFO данные успешно получены с сервера
2020-06-12 13:58:53.9956 INFO данные успешно получены с сервера
2020-06-12 13:58:55.3182 INFO данные успешно получены с сервера
2020-06-12 13:59:09.0358 INFO данные сохранены в базе
2020-06-12 14:02:26.0511 INFO Запуск программы
2020-06-12 14:02:28.6614 INFO данные успешно получены с сервера
2020-06-12 14:02:29.5838 INFO данные успешно получены с сервера
2020-06-12 14:02:30.3435 INFO данные успешно получены с сервера
2020-06-12 14:02:31.1494 INFO данные успешно получены с сервера
2020-06-12 14:02:31.9457 INFO данные успешно получены с сервера
2020-06-12 14:02:32.6985 INFO данные успешно получены с сервера
2020-06-12 14:02:36.9355 INFO данные успешно получены с сервера
2020-06-12 14:02:37.7032 INFO данные успешно получены с сервера
2020-06-12 14:02:38.4711 INFO данные успешно получены с сервера
2020-06-12 14:02:39.2755 INFO данные успешно получены с сервера
2020-06-12 14:02:40.0420 INFO данные успешно получены с сервера
2020-06-12 14:02:40.7922 INFO данные успешно получены с сервера
2020-06-12 14:02:42.7068 INFO данные сохранены в базе
2020-06-12 14:05:45.2950 INFO Запуск программы
2020-06-12 14:05:46.8169 INFO данные успешно получены с сервера
2020-06-12 14:05:48.2712 INFO данные успешно получены с сервера
2020-06-12 14:05:49.5681 INFO данные успешно получены с сервера
2020-06-12 14:05:50.3912 INFO данные успешно получены с сервера
2020-06-12 14:05:51.6971 INFO данные успешно получены с сервера
2020-06-12 14:05:52.4779 INFO данные успешно получены с сервера
2020-06-12 14:05:56.2779 INFO данные успешно получены с сервера
2020-06-12 14:05:57.0436 INFO данные успешно получены с сервера
2020-06-12 14:05:57.8222 INFO данные успешно получены с сервера
2020-06-12 14:05:58.5877 INFO данные успешно получены с сервера
2020-06-12 14:05:59.3945 INFO данные успешно получены с сервера
2020-06-12 14:06:00.6835 INFO данные успешно получены с сервера
2020-06-12 14:06:02.3264 INFO данные сохранены в базе
2020-06-12 14:07:46.3025 INFO Запуск программы
2020-06-12 14:07:48.3557 INFO данные успешно получены с сервера
2020-06-12 14:07:49.4648 INFO данные успешно получены с сервера
2020-06-12 14:07:50.8256 INFO данные успешно получены с сервера
2020-06-12 14:07:52.1522 INFO данные успешно получены с сервера
2020-06-12 14:07:52.9471 INFO данные успешно получены с сервера
2020-06-12 14:07:53.7220 INFO данные успешно получены с сервера
2020-06-12 14:07:57.2872 INFO данные успешно получены с сервера
2020-06-12 14:07:58.5705 INFO данные успешно получены с сервера
2020-06-12 14:07:59.3307 INFO данные успешно получены с сервера
2020-06-12 14:08:00.1106 INFO данные успешно получены с сервера
2020-06-12 14:08:00.8768 INFO данные успешно получены с сервера
2020-06-12 14:08:01.6822 INFO данные успешно получены с сервера
2020-06-12 14:08:03.3095 INFO данные сохранены в базе
2020-06-12 14:09:12.6811 INFO Запуск программы
2020-06-12 14:09:14.0926 INFO данные успешно получены с сервера
2020-06-12 14:09:14.9861 INFO данные успешно получены с сервера
2020-06-12 14:09:15.7781 INFO данные успешно получены с сервера
2020-06-12 14:09:17.1080 INFO данные успешно получены с сервера
2020-06-12 14:09:18.4412 INFO данные успешно получены с сервера
2020-06-12 14:09:19.2211 INFO данные успешно получены с сервера
2020-06-12 14:09:23.7138 INFO данные успешно получены с сервера
2020-06-12 14:09:24.4979 INFO данные успешно получены с сервера
2020-06-12 14:09:25.2777 INFO данные успешно получены с сервера
2020-06-12 14:09:26.5734 INFO данные успешно получены с сервера
2020-06-12 14:09:27.8876 INFO данные успешно получены с сервера
2020-06-12 14:09:28.6594 INFO данные успешно получены с сервера
2020-06-12 14:09:30.2440 INFO данные сохранены в базе
